<?xml version="1.0" encoding="UTF-8"?>
<!-- Generated by org.testng.reporters.JUnitXMLReporter -->
<testsuite hostname="bindus-MBP" ignored="0" name="Test" tests="1" failures="0" timestamp="05 Sep 2019 13:38:14 GMT" time="0.037" errors="0">
  <testcase name="@BeforeClass setup" time="0.0" classname="co.treiner.testCases.Base">
    <failure type="org.testng.TestNGException" message="
Parameter &amp;apos;browser&amp;apos; is required by BeforeClass on method setup but has not been marked @Optional or defined
in /Users/bindumadhavitammireddy/sel_testing/bindu.testing.selenium/testng.xml">
      <![CDATA[org.testng.TestNGException: 
Parameter 'browser' is required by BeforeClass on method setup but has not been marked @Optional or defined
in /Users/bindumadhavitammireddy/sel_testing/bindu.testing.selenium/testng.xml
... Removed 23 stack frames]]>
    </failure>
  </testcase> <!-- @BeforeClass setup -->
  <testcase name="@AfterClass end" time="0.002" classname="co.treiner.testCases.Base">
    <failure type="java.lang.NullPointerException">
      <![CDATA[java.lang.NullPointerException
at co.treiner.testCases.Base.end(Base.java:50)
... Removed 26 stack frames]]>
    </failure>
  </testcase> <!-- @AfterClass end -->
  <testcase name="navigationTest" time="0.0" classname="co.treiner.testCases.TC_HomePage">
    <skipped/>
  </testcase> <!-- navigationTest -->
</testsuite> <!-- Test -->
