<?xml version="1.0" encoding="UTF-8"?>
<!-- Generated by org.testng.reporters.JUnitXMLReporter -->
<testsuite hostname="bindus-MacBook-Pro.local" ignored="0" name="treiner Test" tests="1" failures="1" timestamp="13 Sep 2019 01:26:08 GMT" time="35.258" errors="0">
  <testcase name="navigationTest" time="21.885" classname="co.treiner.testCases.TC_HomePage">
    <failure type="java.lang.AssertionError" message="expected [true] but found [false]">
      <![CDATA[java.lang.AssertionError: expected [true] but found [false]
at co.treiner.testCases.TC_HomePage.navigationTest(TC_HomePage.java:41)
... Removed 29 stack frames]]>
    </failure>
  </testcase> <!-- navigationTest -->
</testsuite> <!-- treiner Test -->
